Content-Type: multipart/alternative;
 boundary="===============6242465890149751287=="
MIME-Version: 1.0
Subject: Profile activation
From: test@example.com
To: eg327e8g27e8@ru.ru
Date: Fri, 15 Jan 2021 18:31:03 -0000
Message-ID: 
 <161073546367.19673.5430368784178551672@DESKTOP-CF1BLOB.localdomain>

--===============6242465890149751287==
Content-Type: text/plain; charset="utf-8"
MIME-Version: 1.0
Content-Transfer-Encoding: 7bit



To activate your profile, please follow this link:

http://127.0.0.1:8001/accounts/activate/NWw3gybab2YGiPcQzhCI/

--===============6242465890149751287==
Content-Type: text/html; charset="utf-8"
MIME-Version: 1.0
Content-Transfer-Encoding: 7bit



<!DOCTYPE html PUBLIC "-//W3C//DTD XHTML 1.0 Transitional//EN"
        "http://www.w3.org/TR/xhtml1/DTD/xhtml1-transitional.dtd">
<html xmlns="http://www.w3.org/1999/xhtml">
<head>
    <meta http-equiv="Content-Type" content="text/html; charset=UTF-8"/>
    <title>Profile activation</title>
    <meta name="viewport" content="width=device-width, initial-scale=1.0"/>
</head>

<body>

<p>
    To activate your profile, please follow this link:
</p>

<p>
    <a href="http://127.0.0.1:8001/accounts/activate/NWw3gybab2YGiPcQzhCI/">http://127.0.0.1:8001/accounts/activate/NWw3gybab2YGiPcQzhCI/</a>
</p>

</body>

</html>

--===============6242465890149751287==--

-------------------------------------------------------------------------------
