Content-Type: multipart/alternative;
 boundary="===============3831225467945041804=="
MIME-Version: 1.0
Subject: Profile activation
From: test@example.com
To: ru@ru.ru
Date: Fri, 15 Jan 2021 18:25:09 -0000
Message-ID: 
 <161073510900.18925.6538934740997040061@DESKTOP-CF1BLOB.localdomain>

--===============3831225467945041804==
Content-Type: text/plain; charset="utf-8"
MIME-Version: 1.0
Content-Transfer-Encoding: 7bit



To activate your profile, please follow this link:

http://127.0.0.1:8001/accounts/activate/uXHYSgEDcir8EU5Tnezr/

--===============3831225467945041804==
Content-Type: text/html; charset="utf-8"
MIME-Version: 1.0
Content-Transfer-Encoding: 7bit



<!DOCTYPE html PUBLIC "-//W3C//DTD XHTML 1.0 Transitional//EN"
        "http://www.w3.org/TR/xhtml1/DTD/xhtml1-transitional.dtd">
<html xmlns="http://www.w3.org/1999/xhtml">
<head>
    <meta http-equiv="Content-Type" content="text/html; charset=UTF-8"/>
    <title>Profile activation</title>
    <meta name="viewport" content="width=device-width, initial-scale=1.0"/>
</head>

<body>

<p>
    To activate your profile, please follow this link:
</p>

<p>
    <a href="http://127.0.0.1:8001/accounts/activate/uXHYSgEDcir8EU5Tnezr/">http://127.0.0.1:8001/accounts/activate/uXHYSgEDcir8EU5Tnezr/</a>
</p>

</body>

</html>

--===============3831225467945041804==--

-------------------------------------------------------------------------------
